[debug] [2022-06-30T09:33:15.585Z] ----------------------------------------------------------------------
[debug] [2022-06-30T09:33:15.587Z] Command:       C:\Program Files\nodejs\node.exe C:\Users\rdupont\AppData\Roaming\npm\node_modules\firebase-tools\lib\bin\firebase.js emulators:start --only hosting
[debug] [2022-06-30T09:33:15.587Z] CLI Version:   11.1.0
[debug] [2022-06-30T09:33:15.587Z] Platform:      win32
[debug] [2022-06-30T09:33:15.588Z] Node Version:  v16.13.1
[debug] [2022-06-30T09:33:15.593Z] Time:          Thu Jun 30 2022 11:33:15 GMT+0200 (heure d’été d’Europe centrale)
[debug] [2022-06-30T09:33:15.593Z] ----------------------------------------------------------------------
[debug] 
[debug] [2022-06-30T09:33:15.596Z] >>> [apiv2][query] GET https://firebase-public.firebaseio.com/cli.json [none]
[debug] [2022-06-30T09:33:15.674Z] > command requires scopes: ["email","openid","https://www.googleapis.com/auth/cloudplatformprojects.readonly","https://www.googleapis.com/auth/firebase","https://www.googleapis.com/auth/cloud-platform"]
[debug] [2022-06-30T09:33:15.674Z] > authorizing via signed-in user (rdt.romaindupont@gmail.com)
[info] i  emulators: Starting emulators: hosting {"metadata":{"emulator":{"name":"hub"},"message":"Starting emulators: hosting"}}
[debug] [2022-06-30T09:33:15.703Z] [hub] writing locator at C:\Users\rdupont\AppData\Local\Temp\hub-mesvinyles-aa557.json
[debug] [2022-06-30T09:33:15.718Z] > refreshing access token with scopes: []
[debug] [2022-06-30T09:33:15.718Z] >>> [apiv2][query] POST https://www.googleapis.com/oauth2/v3/token [none]
[debug] [2022-06-30T09:33:15.719Z] >>> [apiv2][body] POST https://www.googleapis.com/oauth2/v3/token [omitted]
[debug] [2022-06-30T09:33:15.861Z] <<< [apiv2][status] POST https://www.googleapis.com/oauth2/v3/token 200
[debug] [2022-06-30T09:33:15.862Z] <<< [apiv2][body] POST https://www.googleapis.com/oauth2/v3/token [omitted]
[debug] [2022-06-30T09:33:15.883Z] >>> [apiv2][query] GET https://firebasehosting.googleapis.com/v1beta1/projects/mesvinyles-aa557/sites 
[debug] [2022-06-30T09:33:16.074Z] <<< [apiv2][status] GET https://firebase-public.firebaseio.com/cli.json 200
[debug] [2022-06-30T09:33:16.075Z] <<< [apiv2][body] GET https://firebase-public.firebaseio.com/cli.json {"cloudBuildErrorAfter":1594252800000,"cloudBuildWarnAfter":1590019200000,"defaultNode10After":1594252800000,"minVersion":"3.0.5","node8DeploysDisabledAfter":1613390400000,"node8RuntimeDisabledAfter":1615809600000,"node8WarnAfter":1600128000000}
[debug] [2022-06-30T09:33:17.968Z] <<< [apiv2][status] GET https://firebasehosting.googleapis.com/v1beta1/projects/mesvinyles-aa557/sites 200
[debug] [2022-06-30T09:33:17.969Z] <<< [apiv2][body] GET https://firebasehosting.googleapis.com/v1beta1/projects/mesvinyles-aa557/sites {"sites":[{"name":"projects/mesvinyles-aa557/sites/mesvinyles-aa557","defaultUrl":"https://mesvinyles-aa557.web.app","type":"DEFAULT_SITE"}]}
[debug] [2022-06-30T09:33:17.970Z] >>> [apiv2][query] GET https://firebase.googleapis.com/v1beta1/projects/mesvinyles-aa557/webApps/-/config [none]
[debug] [2022-06-30T09:33:18.633Z] <<< [apiv2][status] GET https://firebase.googleapis.com/v1beta1/projects/mesvinyles-aa557/webApps/-/config 200
[debug] [2022-06-30T09:33:18.633Z] <<< [apiv2][body] GET https://firebase.googleapis.com/v1beta1/projects/mesvinyles-aa557/webApps/-/config {"projectId":"mesvinyles-aa557","appId":"1:373817492464:web:3004b482aa53faf9321335","databaseURL":"https://mesvinyles-aa557-default-rtdb.europe-west1.firebasedatabase.app","storageBucket":"mesvinyles-aa557.appspot.com","locationId":"europe-west","apiKey":"AIzaSyA5z35vkZR8QIdnua39hEchX46lSAQKBjg","authDomain":"mesvinyles-aa557.firebaseapp.com","messagingSenderId":"373817492464"}
[info] i  hosting: Serving hosting files from: public {"metadata":{"emulator":{"name":"hosting"},"message":"Serving hosting files from: \u001b[1mpublic\u001b[22m"}}
[info] +  hosting: Local server: http://localhost:5000 {"metadata":{"emulator":{"name":"hosting"},"message":"Local server: \u001b[4m\u001b[1mhttp://localhost:5000\u001b[22m\u001b[24m"}}
[warn] !  emulators: The Emulator UI requires a project ID to start. Configure your default project with 'firebase use' or pass the --project flag. {"metadata":{"emulator":{"name":"hub"},"message":"The Emulator UI requires a project ID to start. Configure your default project with 'firebase use' or pass the --project flag."}}
[info] 
┌─────────────────────────────────────────────────────────────┐
│ ✔  All emulators ready! It is now safe to connect your app. │
└─────────────────────────────────────────────────────────────┘

┌──────────┬────────────────┐
│ Emulator │ Host:Port      │
├──────────┼────────────────┤
│ Hosting  │ localhost:5000 │
└──────────┴────────────────┘
  Emulator Hub running at localhost:4400
  Other reserved ports: 4500

Issues? Report them at https://github.com/firebase/firebase-tools/issues and attach the *-debug.log files.
 
